2025-03-21 16:13:04,864 - INFO - Iniciando o processamento do PDF: D:/ne/NE ADM/ADM-03-separado.pdf
2025-03-21 16:13:04,867 - INFO - Total de páginas no PDF: 860
2025-03-21 16:13:04,879 - DEBUG - Processando página 1/860
2025-03-21 16:13:04,881 - INFO - Nota de Empenho detectada na página 1: 6020004
2025-03-21 16:13:04,883 - DEBUG - Processando página 2/860
2025-03-21 16:13:04,884 - DEBUG - Página 2 ignorada (Nota de Liquidação detectada)
2025-03-21 16:13:04,886 - DEBUG - Processando página 3/860
2025-03-21 16:13:04,887 - DEBUG - Processando página 4/860
2025-03-21 16:13:04,888 - DEBUG - Processando página 5/860
2025-03-21 16:13:04,889 - INFO - Nota de Empenho detectada na página 5: 7020010
2025-03-21 16:13:04,891 - INFO - Arquivo salvo com sucesso: D:/ne/NE ADM\NE6020004.pdf
2025-03-21 16:13:04,892 - DEBUG - Processando página 6/860
2025-03-21 16:13:04,893 - DEBUG - Página 6 ignorada (Nota de Liquidação detectada)
2025-03-21 16:13:04,894 - DEBUG - Processando página 7/860
2025-03-21 16:13:04,894 - DEBUG - Processando página 8/860
2025-03-21 16:13:04,895 - DEBUG - Processando página 9/860
2025-03-21 16:13:04,896 - INFO - Nota de Empenho detectada na página 9: 7020012
2025-03-21 16:13:04,898 - INFO - Arquivo salvo com sucesso: D:/ne/NE ADM\NE7020010.pdf
2025-03-21 16:13:04,899 - DEBUG - Processando página 10/860
2025-03-21 16:13:04,899 - DEBUG - Página 10 ignorada (Nota de Liquidação detectada)
2025-03-21 16:13:04,900 - DEBUG - Processando página 11/860
2025-03-21 16:13:04,901 - DEBUG - Processando página 12/860
2025-03-21 16:13:04,902 - DEBUG - Processando página 13/860
2025-03-21 16:13:04,903 - INFO - Nota de Empenho detectada na página 13: 1020009
2025-03-21 16:13:04,905 - INFO - Arquivo salvo com sucesso: D:/ne/NE ADM\NE7020012.pdf
2025-03-21 16:13:04,906 - DEBUG - Processando página 14/860
2025-03-21 16:13:04,907 - DEBUG - Página 14 ignorada (Nota de Liquidação detectada)
2025-03-21 16:13:04,907 - DEBUG - Processando página 15/860
2025-03-21 16:13:04,908 - DEBUG - Processando página 16/860
2025-03-21 16:13:04,909 - DEBUG - Processando página 17/860
2025-03-21 16:13:04,910 - INFO - Nota de Empenho detectada na página 17: 21020019
2025-03-21 16:13:04,911 - INFO - Arquivo salvo com sucesso: D:/ne/NE ADM\NE1020009.pdf
2025-03-21 16:13:04,912 - DEBUG - Processando página 18/860
2025-03-21 16:13:04,913 - DEBUG - Página 18 ignorada (Nota de Liquidação detectada)
2025-03-21 16:13:04,914 - DEBUG - Processando página 19/860
2025-03-21 16:13:04,915 - DEBUG - Processando página 20/860
2025-03-21 16:13:04,917 - DEBUG - Processando página 21/860
2025-03-21 16:13:04,919 - DEBUG - Processando página 22/860
2025-03-21 16:13:04,921 - DEBUG - Processando página 23/860
2025-03-21 16:13:04,922 - DEBUG - Processando página 24/860
2025-03-21 16:13:04,923 - DEBUG - Processando página 25/860
2025-03-21 16:13:04,925 - DEBUG - Processando página 26/860
2025-03-21 16:13:04,926 - DEBUG - Processando página 27/860
2025-03-21 16:13:04,928 - DEBUG - Processando página 28/860
2025-03-21 16:13:04,929 - DEBUG - Processando página 29/860
2025-03-21 16:13:04,930 - DEBUG - Processando página 30/860
2025-03-21 16:13:04,932 - DEBUG - Processando página 31/860
2025-03-21 16:13:04,933 - DEBUG - Processando página 32/860
2025-03-21 16:13:04,935 - DEBUG - Processando página 33/860
2025-03-21 16:13:04,936 - DEBUG - Processando página 34/860
2025-03-21 16:13:04,937 - DEBUG - Processando página 35/860
2025-03-21 16:13:04,939 - DEBUG - Processando página 36/860
2025-03-21 16:13:04,940 - DEBUG - Processando página 37/860
2025-03-21 16:13:04,941 - DEBUG - Processando página 38/860
2025-03-21 16:13:04,942 - DEBUG - Processando página 39/860
2025-03-21 16:13:04,943 - DEBUG - Processando página 40/860
2025-03-21 16:13:04,944 - INFO - Nota de Empenho detectada na página 40: 15020013
2025-03-21 16:13:04,949 - INFO - Arquivo salvo com sucesso: D:/ne/NE ADM\NE21020019.pdf
2025-03-21 16:13:04,950 - DEBUG - Processando página 41/860
2025-03-21 16:13:04,952 - DEBUG - Página 41 ignorada (Nota de Liquidação detectada)
2025-03-21 16:13:04,953 - DEBUG - Processando página 42/860
2025-03-21 16:13:04,954 - DEBUG - Processando página 43/860
2025-03-21 16:13:04,956 - DEBUG - Processando página 44/860
2025-03-21 16:13:04,957 - INFO - Nota de Empenho detectada na página 44: 15020010
2025-03-21 16:13:04,959 - INFO - Arquivo salvo com sucesso: D:/ne/NE ADM\NE15020013.pdf
2025-03-21 16:13:04,960 - DEBUG - Processando página 45/860
2025-03-21 16:13:04,961 - DEBUG - Página 45 ignorada (Nota de Liquidação detectada)
2025-03-21 16:13:04,961 - DEBUG - Processando página 46/860
2025-03-21 16:13:04,962 - DEBUG - Processando página 47/860
2025-03-21 16:13:04,963 - DEBUG - Processando página 48/860
2025-03-21 16:13:04,964 - INFO - Nota de Empenho detectada na página 48: 15020012
2025-03-21 16:13:04,966 - INFO - Arquivo salvo com sucesso: D:/ne/NE ADM\NE15020010.pdf
2025-03-21 16:13:04,966 - DEBUG - Processando página 49/860
2025-03-21 16:13:04,967 - DEBUG - Página 49 ignorada (Nota de Liquidação detectada)
2025-03-21 16:13:04,968 - DEBUG - Processando página 50/860
2025-03-21 16:13:04,969 - DEBUG - Processando página 51/860
2025-03-21 16:13:04,970 - DEBUG - Processando página 52/860
2025-03-21 16:13:04,971 - INFO - Nota de Empenho detectada na página 52: 8020007
2025-03-21 16:13:04,972 - INFO - Arquivo salvo com sucesso: D:/ne/NE ADM\NE15020012.pdf
2025-03-21 16:13:04,973 - DEBUG - Processando página 53/860
2025-03-21 16:13:04,974 - DEBUG - Página 53 ignorada (Nota de Liquidação detectada)
2025-03-21 16:13:04,975 - DEBUG - Processando página 54/860
2025-03-21 16:13:04,977 - DEBUG - Processando página 55/860
2025-03-21 16:13:04,978 - DEBUG - Processando página 56/860
2025-03-21 16:13:04,979 - DEBUG - Processando página 57/860
2025-03-21 16:13:04,980 - DEBUG - Processando página 58/860
2025-03-21 16:13:04,981 - DEBUG - Processando página 59/860
2025-03-21 16:13:04,983 - DEBUG - Processando página 60/860
2025-03-21 16:13:04,984 - DEBUG - Processando página 61/860
2025-03-21 16:13:04,986 - DEBUG - Processando página 62/860
2025-03-21 16:13:04,987 - DEBUG - Processando página 63/860
2025-03-21 16:13:04,988 - DEBUG - Processando página 64/860
2025-03-21 16:13:04,989 - DEBUG - Processando página 65/860
2025-03-21 16:13:04,990 - DEBUG - Processando página 66/860
2025-03-21 16:13:04,991 - DEBUG - Processando página 67/860
2025-03-21 16:13:04,992 - DEBUG - Processando página 68/860
2025-03-21 16:13:04,993 - DEBUG - Processando página 69/860
2025-03-21 16:13:04,995 - DEBUG - Processando página 70/860
2025-03-21 16:13:04,996 - DEBUG - Processando página 71/860
2025-03-21 16:13:04,997 - DEBUG - Processando página 72/860
2025-03-21 16:13:04,999 - DEBUG - Processando página 73/860
2025-03-21 16:13:05,000 - DEBUG - Processando página 74/860
2025-03-21 16:13:05,002 - DEBUG - Processando página 75/860
2025-03-21 16:13:05,004 - DEBUG - Processando página 76/860
2025-03-21 16:13:05,005 - DEBUG - Processando página 77/860
2025-03-21 16:13:05,006 - DEBUG - Processando página 78/860
2025-03-21 16:13:05,007 - INFO - Nota de Empenho detectada na página 78: 20020019
2025-03-21 16:13:05,012 - INFO - Arquivo salvo com sucesso: D:/ne/NE ADM\NE8020007.pdf
2025-03-21 16:13:05,013 - DEBUG - Processando página 79/860
2025-03-21 16:13:05,014 - DEBUG - Página 79 ignorada (Nota de Liquidação detectada)
2025-03-21 16:13:05,015 - DEBUG - Processando página 80/860
2025-03-21 16:13:05,017 - DEBUG - Processando página 81/860
2025-03-21 16:13:05,019 - DEBUG - Processando página 82/860
2025-03-21 16:13:05,020 - DEBUG - Processando página 83/860
2025-03-21 16:13:05,021 - DEBUG - Processando página 84/860
2025-03-21 16:13:05,021 - DEBUG - Processando página 85/860
2025-03-21 16:13:05,023 - DEBUG - Processando página 86/860
2025-03-21 16:13:05,024 - DEBUG - Processando página 87/860
2025-03-21 16:13:05,025 - DEBUG - Processando página 88/860
2025-03-21 16:13:05,027 - DEBUG - Processando página 89/860
2025-03-21 16:13:05,028 - DEBUG - Processando página 90/860
2025-03-21 16:13:05,029 - DEBUG - Processando página 91/860
2025-03-21 16:13:05,030 - DEBUG - Processando página 92/860
2025-03-21 16:13:05,031 - DEBUG - Processando página 93/860
2025-03-21 16:13:05,032 - DEBUG - Processando página 94/860
2025-03-21 16:13:05,033 - DEBUG - Processando página 95/860
2025-03-21 16:13:05,035 - DEBUG - Processando página 96/860
2025-03-21 16:13:05,036 - DEBUG - Processando página 97/860
2025-03-21 16:13:05,038 - DEBUG - Processando página 98/860
2025-03-21 16:13:05,039 - DEBUG - Processando página 99/860
2025-03-21 16:13:05,040 - DEBUG - Processando página 100/860
2025-03-21 16:13:05,042 - DEBUG - Processando página 101/860
2025-03-21 16:13:05,044 - DEBUG - Processando página 102/860
2025-03-21 16:13:05,046 - DEBUG - Processando página 103/860
2025-03-21 16:13:05,047 - DEBUG - Processando página 104/860
2025-03-21 16:13:05,049 - DEBUG - Processando página 105/860
2025-03-21 16:13:05,051 - DEBUG - Processando página 106/860
2025-03-21 16:13:05,057 - DEBUG - Processando página 107/860
2025-03-21 16:13:05,059 - DEBUG - Processando página 108/860
2025-03-21 16:13:05,060 - DEBUG - Processando página 109/860
2025-03-21 16:13:05,061 - INFO - Nota de Empenho detectada na página 109: 19020017
2025-03-21 16:13:05,067 - INFO - Arquivo salvo com sucesso: D:/ne/NE ADM\NE20020019.pdf
2025-03-21 16:13:05,068 - DEBUG - Processando página 110/860
2025-03-21 16:13:05,069 - DEBUG - Página 110 ignorada (Nota de Liquidação detectada)
2025-03-21 16:13:05,070 - DEBUG - Processando página 111/860
2025-03-21 16:13:05,072 - DEBUG - Processando página 112/860
2025-03-21 16:13:05,073 - DEBUG - Processando página 113/860
2025-03-21 16:13:05,074 - DEBUG - Processando página 114/860
2025-03-21 16:13:05,075 - DEBUG - Processando página 115/860
2025-03-21 16:13:05,076 - DEBUG - Processando página 116/860
2025-03-21 16:13:05,078 - DEBUG - Processando página 117/860
2025-03-21 16:13:05,079 - DEBUG - Processando página 118/860
2025-03-21 16:13:05,080 - DEBUG - Processando página 119/860
2025-03-21 16:13:05,081 - DEBUG - Processando página 120/860
2025-03-21 16:13:05,082 - DEBUG - Processando página 121/860
2025-03-21 16:13:05,083 - DEBUG - Processando página 122/860
2025-03-21 16:13:05,084 - DEBUG - Processando página 123/860
2025-03-21 16:13:05,086 - DEBUG - Processando página 124/860
2025-03-21 16:13:05,087 - DEBUG - Processando página 125/860
2025-03-21 16:13:05,088 - DEBUG - Processando página 126/860
2025-03-21 16:13:05,088 - DEBUG - Processando página 127/860
2025-03-21 16:13:05,090 - DEBUG - Processando página 128/860
2025-03-21 16:13:05,091 - DEBUG - Processando página 129/860
2025-03-21 16:13:05,093 - DEBUG - Processando página 130/860
2025-03-21 16:13:05,094 - DEBUG - Processando página 131/860
2025-03-21 16:13:05,095 - DEBUG - Processando página 132/860
2025-03-21 16:13:05,097 - DEBUG - Processando página 133/860
2025-03-21 16:13:05,098 - DEBUG - Processando página 134/860
2025-03-21 16:13:05,101 - DEBUG - Processando página 135/860
2025-03-21 16:13:05,102 - DEBUG - Processando página 136/860
2025-03-21 16:13:05,103 - DEBUG - Processando página 137/860
2025-03-21 16:13:05,104 - DEBUG - Processando página 138/860
2025-03-21 16:13:05,107 - DEBUG - Processando página 139/860
2025-03-21 16:13:05,108 - DEBUG - Processando página 140/860
2025-03-21 16:13:05,110 - DEBUG - Processando página 141/860
2025-03-21 16:13:05,110 - INFO - Nota de Empenho detectada na página 141: 26020012
2025-03-21 16:13:05,116 - INFO - Arquivo salvo com sucesso: D:/ne/NE ADM\NE19020017.pdf
2025-03-21 16:13:05,117 - DEBUG - Processando página 142/860
2025-03-21 16:13:05,118 - DEBUG - Página 142 ignorada (Nota de Liquidação detectada)
2025-03-21 16:13:05,119 - DEBUG - Processando página 143/860
2025-03-21 16:13:05,121 - DEBUG - Processando página 144/860
2025-03-21 16:13:05,123 - DEBUG - Processando página 145/860
2025-03-21 16:13:05,124 - DEBUG - Processando página 146/860
2025-03-21 16:13:05,125 - DEBUG - Processando página 147/860
2025-03-21 16:13:05,126 - DEBUG - Processando página 148/860
2025-03-21 16:13:05,127 - INFO - Nota de Empenho detectada na página 148: 7020010
2025-03-21 16:13:05,129 - INFO - Arquivo salvo com sucesso: D:/ne/NE ADM\NE26020012.pdf
2025-03-21 16:13:05,129 - DEBUG - Processando página 149/860
2025-03-21 16:13:05,130 - DEBUG - Página 149 ignorada (Nota de Liquidação detectada)
2025-03-21 16:13:05,131 - DEBUG - Processando página 150/860
2025-03-21 16:13:05,132 - DEBUG - Processando página 151/860
2025-03-21 16:13:05,134 - DEBUG - Processando página 152/860
2025-03-21 16:13:05,135 - DEBUG - Processando página 153/860
2025-03-21 16:13:05,136 - DEBUG - Processando página 154/860
2025-03-21 16:13:05,137 - DEBUG - Processando página 155/860
2025-03-21 16:13:05,138 - INFO - Nota de Empenho detectada na página 155: 19020011
2025-03-21 16:13:05,140 - INFO - Arquivo salvo com sucesso: D:/ne/NE ADM\NE7020010_3.pdf
2025-03-21 16:13:05,141 - DEBUG - Processando página 156/860
2025-03-21 16:13:05,141 - DEBUG - Página 156 ignorada (Nota de Liquidação detectada)
2025-03-21 16:13:05,142 - DEBUG - Processando página 157/860
2025-03-21 16:13:05,143 - DEBUG - Processando página 158/860
2025-03-21 16:13:05,144 - DEBUG - Processando página 159/860
2025-03-21 16:13:05,146 - DEBUG - Processando página 160/860
2025-03-21 16:13:05,147 - DEBUG - Processando página 161/860
2025-03-21 16:13:05,148 - DEBUG - Processando página 162/860
2025-03-21 16:13:05,149 - INFO - Nota de Empenho detectada na página 162: 26020013
2025-03-21 16:13:05,151 - INFO - Arquivo salvo com sucesso: D:/ne/NE ADM\NE19020011.pdf
2025-03-21 16:13:05,152 - DEBUG - Processando página 163/860
2025-03-21 16:13:05,153 - DEBUG - Página 163 ignorada (Nota de Liquidação detectada)
2025-03-21 16:13:05,153 - DEBUG - Processando página 164/860
2025-03-21 16:13:05,155 - DEBUG - Processando página 165/860
2025-03-21 16:13:05,156 - DEBUG - Processando página 166/860
2025-03-21 16:13:05,157 - DEBUG - Processando página 167/860
2025-03-21 16:13:05,158 - DEBUG - Processando página 168/860
2025-03-21 16:13:05,159 - DEBUG - Processando página 169/860
2025-03-21 16:13:05,160 - INFO - Nota de Empenho detectada na página 169: 20020014
2025-03-21 16:13:05,162 - INFO - Arquivo salvo com sucesso: D:/ne/NE ADM\NE26020013.pdf
2025-03-21 16:13:05,163 - DEBUG - Processando página 170/860
2025-03-21 16:13:05,163 - DEBUG - Página 170 ignorada (Nota de Liquidação detectada)
2025-03-21 16:13:05,164 - DEBUG - Processando página 171/860
2025-03-21 16:13:05,165 - DEBUG - Processando página 172/860
2025-03-21 16:13:05,167 - DEBUG - Processando página 173/860
2025-03-21 16:13:05,168 - DEBUG - Processando página 174/860
2025-03-21 16:13:05,169 - DEBUG - Processando página 175/860
2025-03-21 16:13:05,170 - DEBUG - Processando página 176/860
2025-03-21 16:13:05,171 - INFO - Nota de Empenho detectada na página 176: 19020011
2025-03-21 16:13:05,173 - INFO - Arquivo salvo com sucesso: D:/ne/NE ADM\NE20020014.pdf
2025-03-21 16:13:05,174 - DEBUG - Processando página 177/860
2025-03-21 16:13:05,174 - DEBUG - Página 177 ignorada (Nota de Liquidação detectada)
2025-03-21 16:13:05,175 - DEBUG - Processando página 178/860
2025-03-21 16:13:05,177 - DEBUG - Processando página 179/860
2025-03-21 16:13:05,178 - DEBUG - Processando página 180/860
2025-03-21 16:13:05,179 - DEBUG - Processando página 181/860
2025-03-21 16:13:05,180 - DEBUG - Processando página 182/860
2025-03-21 16:13:05,181 - DEBUG - Processando página 183/860
2025-03-21 16:13:05,181 - INFO - Nota de Empenho detectada na página 183: 6020001
2025-03-21 16:13:05,183 - INFO - Arquivo salvo com sucesso: D:/ne/NE ADM\NE19020011_3.pdf
2025-03-21 16:13:05,184 - DEBUG - Processando página 184/860
2025-03-21 16:13:05,185 - DEBUG - Página 184 ignorada (Nota de Liquidação detectada)
2025-03-21 16:13:05,186 - DEBUG - Processando página 185/860
2025-03-21 16:13:05,187 - DEBUG - Processando página 186/860
2025-03-21 16:13:05,188 - DEBUG - Processando página 187/860
2025-03-21 16:13:05,189 - DEBUG - Processando página 188/860
2025-03-21 16:13:05,190 - DEBUG - Processando página 189/860
2025-03-21 16:13:05,191 - DEBUG - Processando página 190/860
2025-03-21 16:13:05,192 - INFO - Nota de Empenho detectada na página 190: 23010001
2025-03-21 16:13:05,194 - INFO - Arquivo salvo com sucesso: D:/ne/NE ADM\NE6020001.pdf
2025-03-21 16:13:05,195 - DEBUG - Processando página 191/860
2025-03-21 16:13:05,195 - DEBUG - Página 191 ignorada (Nota de Liquidação detectada)
2025-03-21 16:13:05,196 - DEBUG - Processando página 192/860
2025-03-21 16:13:05,198 - DEBUG - Processando página 193/860
2025-03-21 16:13:05,199 - DEBUG - Processando página 194/860
2025-03-21 16:13:05,200 - DEBUG - Processando página 195/860
2025-03-21 16:13:05,201 - DEBUG - Processando página 196/860
2025-03-21 16:13:05,202 - DEBUG - Processando página 197/860
2025-03-21 16:13:05,203 - INFO - Nota de Empenho detectada na página 197: 15010002
2025-03-21 16:13:05,205 - INFO - Arquivo salvo com sucesso: D:/ne/NE ADM\NE23010001.pdf
2025-03-21 16:13:05,205 - DEBUG - Processando página 198/860
2025-03-21 16:13:05,206 - DEBUG - Página 198 ignorada (Nota de Liquidação detectada)
2025-03-21 16:13:05,207 - DEBUG - Processando página 199/860
2025-03-21 16:13:05,208 - DEBUG - Processando página 200/860
2025-03-21 16:13:05,209 - DEBUG - Processando página 201/860
2025-03-21 16:13:05,210 - DEBUG - Processando página 202/860
2025-03-21 16:13:05,211 - DEBUG - Processando página 203/860
2025-03-21 16:13:05,212 - DEBUG - Processando página 204/860
2025-03-21 16:13:05,213 - INFO - Nota de Empenho detectada na página 204: 23010002
2025-03-21 16:13:05,215 - INFO - Arquivo salvo com sucesso: D:/ne/NE ADM\NE15010002.pdf
2025-03-21 16:13:05,216 - DEBUG - Processando página 205/860
2025-03-21 16:13:05,217 - DEBUG - Página 205 ignorada (Nota de Liquidação detectada)
2025-03-21 16:13:05,218 - DEBUG - Processando página 206/860
2025-03-21 16:13:05,219 - DEBUG - Processando página 207/860
2025-03-21 16:13:05,220 - DEBUG - Processando página 208/860
2025-03-21 16:13:05,221 - DEBUG - Processando página 209/860
2025-03-21 16:13:05,222 - DEBUG - Processando página 210/860
2025-03-21 16:13:05,223 - DEBUG - Processando página 211/860
2025-03-21 16:13:05,224 - INFO - Nota de Empenho detectada na página 211: 16010001
2025-03-21 16:13:05,226 - INFO - Arquivo salvo com sucesso: D:/ne/NE ADM\NE23010002.pdf
2025-03-21 16:13:05,227 - DEBUG - Processando página 212/860
2025-03-21 16:13:05,227 - DEBUG - Página 212 ignorada (Nota de Liquidação detectada)
2025-03-21 16:13:05,228 - DEBUG - Processando página 213/860
2025-03-21 16:13:05,229 - DEBUG - Processando página 214/860
2025-03-21 16:13:05,231 - DEBUG - Processando página 215/860
2025-03-21 16:13:05,232 - DEBUG - Processando página 216/860
2025-03-21 16:13:05,233 - DEBUG - Processando página 217/860
2025-03-21 16:13:05,234 - DEBUG - Processando página 218/860
2025-03-21 16:13:05,235 - INFO - Nota de Empenho detectada na página 218: 9050005
2025-03-21 16:13:05,237 - INFO - Arquivo salvo com sucesso: D:/ne/NE ADM\NE16010001.pdf
2025-03-21 16:13:05,238 - DEBUG - Processando página 219/860
2025-03-21 16:13:05,239 - DEBUG - Página 219 ignorada (Nota de Liquidação detectada)
2025-03-21 16:13:05,239 - DEBUG - Processando página 220/860
2025-03-21 16:13:05,240 - DEBUG - Processando página 221/860
2025-03-21 16:13:05,242 - DEBUG - Processando página 222/860
2025-03-21 16:13:05,243 - DEBUG - Processando página 223/860
2025-03-21 16:13:05,244 - DEBUG - Processando página 224/860
2025-03-21 16:13:05,245 - DEBUG - Processando página 225/860
2025-03-21 16:13:05,246 - INFO - Nota de Empenho detectada na página 225: 24070006
2025-03-21 16:13:05,248 - INFO - Arquivo salvo com sucesso: D:/ne/NE ADM\NE9050005.pdf
2025-03-21 16:13:05,249 - DEBUG - Processando página 226/860
2025-03-21 16:13:05,249 - DEBUG - Página 226 ignorada (Nota de Liquidação detectada)
2025-03-21 16:13:05,251 - DEBUG - Processando página 227/860
2025-03-21 16:13:05,252 - DEBUG - Processando página 228/860
2025-03-21 16:13:05,253 - DEBUG - Processando página 229/860
2025-03-21 16:13:05,254 - DEBUG - Processando página 230/860
2025-03-21 16:13:05,255 - DEBUG - Processando página 231/860
2025-03-21 16:13:05,256 - DEBUG - Processando página 232/860
2025-03-21 16:13:05,256 - INFO - Nota de Empenho detectada na página 232: 24070006
2025-03-21 16:13:05,259 - INFO - Arquivo salvo com sucesso: D:/ne/NE ADM\NE24070006.pdf
2025-03-21 16:13:05,259 - DEBUG - Processando página 233/860
2025-03-21 16:13:05,260 - DEBUG - Página 233 ignorada (Nota de Liquidação detectada)
2025-03-21 16:13:05,261 - DEBUG - Processando página 234/860
2025-03-21 16:13:05,262 - DEBUG - Processando página 235/860
2025-03-21 16:13:05,263 - DEBUG - Processando página 236/860
2025-03-21 16:13:05,264 - DEBUG - Processando página 237/860
2025-03-21 16:13:05,265 - DEBUG - Processando página 238/860
2025-03-21 16:13:05,266 - DEBUG - Processando página 239/860
2025-03-21 16:13:05,267 - INFO - Nota de Empenho detectada na página 239: 2070011
2025-03-21 16:13:05,269 - INFO - Arquivo salvo com sucesso: D:/ne/NE ADM\NE24070006_3.pdf
2025-03-21 16:13:05,270 - DEBUG - Processando página 240/860
2025-03-21 16:13:05,270 - DEBUG - Página 240 ignorada (Nota de Liquidação detectada)
2025-03-21 16:13:05,271 - DEBUG - Processando página 241/860
2025-03-21 16:13:05,273 - DEBUG - Processando página 242/860
2025-03-21 16:13:05,274 - DEBUG - Processando página 243/860
2025-03-21 16:13:05,275 - DEBUG - Processando página 244/860
2025-03-21 16:13:05,276 - DEBUG - Processando página 245/860
2025-03-21 16:13:05,278 - DEBUG - Processando página 246/860
2025-03-21 16:13:05,279 - DEBUG - Processando página 247/860
2025-03-21 16:13:05,279 - DEBUG - Página 247 ignorada (Nota de Liquidação detectada)
2025-03-21 16:13:05,280 - DEBUG - Processando página 248/860
2025-03-21 16:13:05,281 - DEBUG - Processando página 249/860
2025-03-21 16:13:05,282 - DEBUG - Processando página 250/860
2025-03-21 16:13:05,283 - DEBUG - Processando página 251/860
2025-03-21 16:13:05,285 - DEBUG - Processando página 252/860
2025-03-21 16:13:05,286 - DEBUG - Processando página 253/860
2025-03-21 16:13:05,287 - INFO - Nota de Empenho detectada na página 253: 19070004
2025-03-21 16:13:05,289 - INFO - Arquivo salvo com sucesso: D:/ne/NE ADM\NE2070011.pdf
2025-03-21 16:13:05,290 - DEBUG - Processando página 254/860
2025-03-21 16:13:05,291 - DEBUG - Página 254 ignorada (Nota de Liquidação detectada)
2025-03-21 16:13:05,292 - DEBUG - Processando página 255/860
2025-03-21 16:13:05,293 - DEBUG - Processando página 256/860
2025-03-21 16:13:05,294 - DEBUG - Processando página 257/860
2025-03-21 16:13:05,295 - DEBUG - Processando página 258/860
2025-03-21 16:13:05,296 - DEBUG - Processando página 259/860
2025-03-21 16:13:05,297 - DEBUG - Processando página 260/860
2025-03-21 16:13:05,298 - INFO - Nota de Empenho detectada na página 260: 22070004
2025-03-21 16:13:05,300 - INFO - Arquivo salvo com sucesso: D:/ne/NE ADM\NE19070004.pdf
2025-03-21 16:13:05,301 - DEBUG - Processando página 261/860
2025-03-21 16:13:05,302 - DEBUG - Página 261 ignorada (Nota de Liquidação detectada)
2025-03-21 16:13:05,303 - DEBUG - Processando página 262/860
2025-03-21 16:13:05,304 - DEBUG - Processando página 263/860
2025-03-21 16:13:05,305 - DEBUG - Processando página 264/860
2025-03-21 16:13:05,307 - DEBUG - Processando página 265/860
2025-03-21 16:13:05,308 - DEBUG - Processando página 266/860
2025-03-21 16:13:05,310 - DEBUG - Processando página 267/860
2025-03-21 16:13:05,310 - INFO - Nota de Empenho detectada na página 267: 24070002
2025-03-21 16:13:05,312 - INFO - Arquivo salvo com sucesso: D:/ne/NE ADM\NE22070004.pdf
2025-03-21 16:13:05,313 - DEBUG - Processando página 268/860
2025-03-21 16:13:05,314 - DEBUG - Página 268 ignorada (Nota de Liquidação detectada)
2025-03-21 16:13:05,314 - DEBUG - Processando página 269/860
2025-03-21 16:13:05,316 - DEBUG - Processando página 270/860
2025-03-21 16:13:05,317 - DEBUG - Processando página 271/860
2025-03-21 16:13:05,318 - DEBUG - Processando página 272/860
2025-03-21 16:13:05,319 - DEBUG - Processando página 273/860
2025-03-21 16:13:05,321 - DEBUG - Processando página 274/860
2025-03-21 16:13:05,321 - INFO - Nota de Empenho detectada na página 274: 2070009
2025-03-21 16:13:05,323 - INFO - Arquivo salvo com sucesso: D:/ne/NE ADM\NE24070002.pdf
2025-03-21 16:13:05,324 - DEBUG - Processando página 275/860
2025-03-21 16:13:05,325 - DEBUG - Página 275 ignorada (Nota de Liquidação detectada)
2025-03-21 16:13:05,325 - DEBUG - Processando página 276/860
2025-03-21 16:13:05,327 - DEBUG - Processando página 277/860
2025-03-21 16:13:05,328 - DEBUG - Processando página 278/860
2025-03-21 16:13:05,329 - DEBUG - Processando página 279/860
2025-03-21 16:13:05,330 - DEBUG - Processando página 280/860
2025-03-21 16:13:05,331 - DEBUG - Processando página 281/860
2025-03-21 16:13:05,332 - INFO - Nota de Empenho detectada na página 281: 25030013
2025-03-21 16:13:05,334 - INFO - Arquivo salvo com sucesso: D:/ne/NE ADM\NE2070009.pdf
2025-03-21 16:13:05,335 - DEBUG - Processando página 282/860
2025-03-21 16:13:05,335 - DEBUG - Página 282 ignorada (Nota de Liquidação detectada)
2025-03-21 16:13:05,336 - DEBUG - Processando página 283/860
2025-03-21 16:13:05,337 - DEBUG - Processando página 284/860
2025-03-21 16:13:05,339 - DEBUG - Processando página 285/860
2025-03-21 16:13:05,339 - INFO - Nota de Empenho detectada na página 285: 28030073
2025-03-21 16:13:05,341 - INFO - Arquivo salvo com sucesso: D:/ne/NE ADM\NE25030013.pdf
2025-03-21 16:13:05,342 - DEBUG - Processando página 286/860
2025-03-21 16:13:05,342 - DEBUG - Página 286 ignorada (Nota de Liquidação detectada)
2025-03-21 16:13:05,343 - DEBUG - Processando página 287/860
2025-03-21 16:13:05,344 - DEBUG - Processando página 288/860
2025-03-21 16:13:05,345 - DEBUG - Processando página 289/860
2025-03-21 16:13:05,346 - INFO - Nota de Empenho detectada na página 289: 28030067
2025-03-21 16:13:05,347 - INFO - Arquivo salvo com sucesso: D:/ne/NE ADM\NE28030073.pdf
2025-03-21 16:13:05,348 - DEBUG - Processando página 290/860
2025-03-21 16:13:05,349 - DEBUG - Página 290 ignorada (Nota de Liquidação detectada)
2025-03-21 16:13:05,350 - DEBUG - Processando página 291/860
2025-03-21 16:13:05,351 - DEBUG - Processando página 292/860
2025-03-21 16:13:05,352 - DEBUG - Processando página 293/860
2025-03-21 16:13:05,353 - INFO - Nota de Empenho detectada na página 293: 28030068
2025-03-21 16:13:05,354 - INFO - Arquivo salvo com sucesso: D:/ne/NE ADM\NE28030067.pdf
2025-03-21 16:13:05,355 - DEBUG - Processando página 294/860
2025-03-21 16:13:05,356 - DEBUG - Página 294 ignorada (Nota de Liquidação detectada)
2025-03-21 16:13:05,357 - DEBUG - Processando página 295/860
2025-03-21 16:13:05,358 - DEBUG - Processando página 296/860
2025-03-21 16:13:05,359 - DEBUG - Processando página 297/860
2025-03-21 16:13:05,359 - INFO - Nota de Empenho detectada na página 297: 28030069
2025-03-21 16:13:05,361 - INFO - Arquivo salvo com sucesso: D:/ne/NE ADM\NE28030068.pdf
2025-03-21 16:13:05,362 - DEBUG - Processando página 298/860
2025-03-21 16:13:05,362 - DEBUG - Página 298 ignorada (Nota de Liquidação detectada)
2025-03-21 16:13:05,363 - DEBUG - Processando página 299/860
2025-03-21 16:13:05,364 - DEBUG - Processando página 300/860
2025-03-21 16:13:05,365 - DEBUG - Processando página 301/860
2025-03-21 16:13:05,366 - INFO - Nota de Empenho detectada na página 301: 1030014
2025-03-21 16:13:05,368 - INFO - Arquivo salvo com sucesso: D:/ne/NE ADM\NE28030069.pdf
2025-03-21 16:13:05,368 - DEBUG - Processando página 302/860
2025-03-21 16:13:05,369 - INFO - Nota de Empenho detectada na página 302: 1030014
2025-03-21 16:13:05,370 - INFO - Arquivo salvo com sucesso: D:/ne/NE ADM\NE1030014.pdf
2025-03-21 16:13:05,371 - DEBUG - Processando página 303/860
2025-03-21 16:13:05,372 - DEBUG - Página 303 ignorada (Nota de Liquidação detectada)
2025-03-21 16:13:05,373 - DEBUG - Processando página 304/860
2025-03-21 16:13:05,373 - DEBUG - Processando página 305/860
2025-03-21 16:13:05,375 - DEBUG - Processando página 306/860
2025-03-21 16:13:05,375 - INFO - Nota de Empenho detectada na página 306: 1030013
2025-03-21 16:13:05,377 - INFO - Arquivo salvo com sucesso: D:/ne/NE ADM\NE1030014_3.pdf
2025-03-21 16:13:05,378 - DEBUG - Processando página 307/860
2025-03-21 16:13:05,378 - DEBUG - Página 307 ignorada (Nota de Liquidação detectada)
2025-03-21 16:13:05,379 - DEBUG - Processando página 308/860
2025-03-21 16:13:05,380 - DEBUG - Processando página 309/860
2025-03-21 16:13:05,381 - DEBUG - Processando página 310/860
2025-03-21 16:13:05,382 - INFO - Nota de Empenho detectada na página 310: 1030013
2025-03-21 16:13:05,384 - INFO - Arquivo salvo com sucesso: D:/ne/NE ADM\NE1030013.pdf
2025-03-21 16:13:05,385 - DEBUG - Processando página 311/860
2025-03-21 16:13:05,386 - DEBUG - Página 311 ignorada (Nota de Liquidação detectada)
2025-03-21 16:13:05,386 - DEBUG - Processando página 312/860
2025-03-21 16:13:05,387 - DEBUG - Processando página 313/860
2025-03-21 16:13:05,389 - DEBUG - Processando página 314/860
2025-03-21 16:13:05,389 - INFO - Nota de Empenho detectada na página 314: 4030006
2025-03-21 16:13:05,391 - INFO - Arquivo salvo com sucesso: D:/ne/NE ADM\NE1030013_3.pdf
2025-03-21 16:13:05,391 - DEBUG - Processando página 315/860
2025-03-21 16:13:05,392 - DEBUG - Página 315 ignorada (Nota de Liquidação detectada)
2025-03-21 16:13:05,393 - DEBUG - Processando página 316/860
2025-03-21 16:13:05,394 - DEBUG - Processando página 317/860
2025-03-21 16:13:05,395 - DEBUG - Processando página 318/860
2025-03-21 16:13:05,395 - INFO - Nota de Empenho detectada na página 318: 4030008
2025-03-21 16:13:05,397 - INFO - Arquivo salvo com sucesso: D:/ne/NE ADM\NE4030006.pdf
2025-03-21 16:13:05,398 - DEBUG - Processando página 319/860
2025-03-21 16:13:05,399 - DEBUG - Página 319 ignorada (Nota de Liquidação detectada)
2025-03-21 16:13:05,400 - DEBUG - Processando página 320/860
2025-03-21 16:13:05,401 - DEBUG - Processando página 321/860
2025-03-21 16:13:05,402 - DEBUG - Processando página 322/860
2025-03-21 16:13:05,403 - INFO - Nota de Empenho detectada na página 322: 22030010
2025-03-21 16:13:05,404 - INFO - Arquivo salvo com sucesso: D:/ne/NE ADM\NE4030008.pdf
2025-03-21 16:13:05,405 - DEBUG - Processando página 323/860
2025-03-21 16:13:05,406 - DEBUG - Página 323 ignorada (Nota de Liquidação detectada)
2025-03-21 16:13:05,407 - DEBUG - Processando página 324/860
2025-03-21 16:13:05,408 - DEBUG - Processando página 325/860
2025-03-21 16:13:05,409 - DEBUG - Processando página 326/860
2025-03-21 16:13:05,409 - INFO - Nota de Empenho detectada na página 326: 28030072
2025-03-21 16:13:05,411 - INFO - Arquivo salvo com sucesso: D:/ne/NE ADM\NE22030010.pdf
2025-03-21 16:13:05,411 - DEBUG - Processando página 327/860
2025-03-21 16:13:05,412 - INFO - Nota de Empenho detectada na página 327: 28030072
2025-03-21 16:13:05,413 - INFO - Arquivo salvo com sucesso: D:/ne/NE ADM\NE28030072.pdf
2025-03-21 16:13:05,414 - DEBUG - Processando página 328/860
2025-03-21 16:13:05,415 - DEBUG - Processando página 329/860
2025-03-21 16:13:05,417 - DEBUG - Processando página 330/860
2025-03-21 16:13:05,418 - INFO - Nota de Empenho detectada na página 330: 323
2025-03-21 16:13:05,419 - INFO - Arquivo salvo com sucesso: D:/ne/NE ADM\NE28030072_3.pdf
2025-03-21 16:13:05,420 - DEBUG - Processando página 331/860
2025-03-21 16:13:05,421 - DEBUG - Página 331 ignorada (Nota de Liquidação detectada)
2025-03-21 16:13:05,422 - DEBUG - Processando página 332/860
2025-03-21 16:13:05,423 - DEBUG - Processando página 333/860
2025-03-21 16:13:05,424 - DEBUG - Processando página 334/860
2025-03-21 16:13:05,425 - DEBUG - Processando página 335/860
2025-03-21 16:13:05,426 - DEBUG - Página 335 ignorada (Nota de Liquidação detectada)
2025-03-21 16:13:05,427 - DEBUG - Processando página 336/860
2025-03-21 16:13:05,428 - DEBUG - Processando página 337/860
2025-03-21 16:13:05,429 - DEBUG - Processando página 338/860
2025-03-21 16:13:05,430 - INFO - Nota de Empenho detectada na página 338: 25030010
2025-03-21 16:13:05,432 - INFO - Arquivo salvo com sucesso: D:/ne/NE ADM\NE323.pdf
2025-03-21 16:13:05,433 - DEBUG - Processando página 339/860
2025-03-21 16:13:05,434 - DEBUG - Página 339 ignorada (Nota de Liquidação detectada)
2025-03-21 16:13:05,435 - DEBUG - Processando página 340/860
2025-03-21 16:13:05,436 - DEBUG - Processando página 341/860
2025-03-21 16:13:05,437 - DEBUG - Processando página 342/860
2025-03-21 16:13:05,438 - INFO - Nota de Empenho detectada na página 342: 6030006
2025-03-21 16:13:05,439 - INFO - Arquivo salvo com sucesso: D:/ne/NE ADM\NE25030010.pdf
2025-03-21 16:13:05,440 - DEBUG - Processando página 343/860
2025-03-21 16:13:05,441 - DEBUG - Página 343 ignorada (Nota de Liquidação detectada)
2025-03-21 16:13:05,442 - DEBUG - Processando página 344/860
2025-03-21 16:13:05,443 - DEBUG - Processando página 345/860
2025-03-21 16:13:05,444 - DEBUG - Processando página 346/860
2025-03-21 16:13:05,445 - INFO - Nota de Empenho detectada na página 346: 15030007
2025-03-21 16:13:05,446 - INFO - Arquivo salvo com sucesso: D:/ne/NE ADM\NE6030006.pdf
2025-03-21 16:13:05,447 - DEBUG - Processando página 347/860
2025-03-21 16:13:05,448 - DEBUG - Página 347 ignorada (Nota de Liquidação detectada)
2025-03-21 16:13:05,449 - DEBUG - Processando página 348/860
2025-03-21 16:13:05,450 - DEBUG - Processando página 349/860
2025-03-21 16:13:05,451 - DEBUG - Processando página 350/860
2025-03-21 16:13:05,452 - INFO - Nota de Empenho detectada na página 350: 14030008
2025-03-21 16:13:05,454 - INFO - Arquivo salvo com sucesso: D:/ne/NE ADM\NE15030007.pdf
2025-03-21 16:13:05,455 - DEBUG - Processando página 351/860
2025-03-21 16:13:05,455 - DEBUG - Página 351 ignorada (Nota de Liquidação detectada)
2025-03-21 16:13:05,456 - DEBUG - Processando página 352/860
2025-03-21 16:13:05,457 - DEBUG - Processando página 353/860
2025-03-21 16:13:05,459 - DEBUG - Processando página 354/860
2025-03-21 16:13:05,459 - INFO - Nota de Empenho detectada na página 354: 14030009
2025-03-21 16:13:05,461 - INFO - Arquivo salvo com sucesso: D:/ne/NE ADM\NE14030008.pdf
2025-03-21 16:13:05,462 - DEBUG - Processando página 355/860
2025-03-21 16:13:05,463 - DEBUG - Página 355 ignorada (Nota de Liquidação detectada)
2025-03-21 16:13:05,464 - DEBUG - Processando página 356/860
2025-03-21 16:13:05,465 - DEBUG - Processando página 357/860
2025-03-21 16:13:05,467 - DEBUG - Processando página 358/860
2025-03-21 16:13:05,468 - INFO - Nota de Empenho detectada na página 358: 22030008
2025-03-21 16:13:05,469 - INFO - Arquivo salvo com sucesso: D:/ne/NE ADM\NE14030009.pdf
2025-03-21 16:13:05,470 - DEBUG - Processando página 359/860
2025-03-21 16:13:05,471 - DEBUG - Página 359 ignorada (Nota de Liquidação detectada)
2025-03-21 16:13:05,472 - DEBUG - Processando página 360/860
2025-03-21 16:13:05,473 - DEBUG - Processando página 361/860
2025-03-21 16:13:05,475 - DEBUG - Processando página 362/860
2025-03-21 16:13:05,476 - INFO - Nota de Empenho detectada na página 362: 21030007
2025-03-21 16:13:05,477 - INFO - Arquivo salvo com sucesso: D:/ne/NE ADM\NE22030008.pdf
2025-03-21 16:13:05,478 - DEBUG - Processando página 363/860
2025-03-21 16:13:05,480 - INFO - Nota de Empenho detectada na página 363: 2103000
2025-03-21 16:13:05,481 - INFO - Arquivo salvo com sucesso: D:/ne/NE ADM\NE21030007.pdf
2025-03-21 16:13:05,482 - DEBUG - Processando página 364/860
2025-03-21 16:13:05,484 - DEBUG - Processando página 365/860
2025-03-21 16:13:05,485 - DEBUG - Processando página 366/860
2025-03-21 16:13:05,487 - INFO - Nota de Empenho detectada na página 366: 20030016
2025-03-21 16:13:05,488 - INFO - Arquivo salvo com sucesso: D:/ne/NE ADM\NE2103000.pdf
2025-03-21 16:13:05,489 - DEBUG - Processando página 367/860
2025-03-21 16:13:05,491 - DEBUG - Página 367 ignorada (Nota de Liquidação detectada)
2025-03-21 16:13:05,492 - DEBUG - Processando página 368/860
2025-03-21 16:13:05,494 - DEBUG - Processando página 369/860
2025-03-21 16:13:05,497 - DEBUG - Processando página 370/860
2025-03-21 16:13:05,499 - INFO - Nota de Empenho detectada na página 370: 21030004
2025-03-21 16:13:05,502 - INFO - Arquivo salvo com sucesso: D:/ne/NE ADM\NE20030016.pdf
2025-03-21 16:13:05,503 - DEBUG - Processando página 371/860
2025-03-21 16:13:05,504 - DEBUG - Página 371 ignorada (Nota de Liquidação detectada)
2025-03-21 16:13:05,505 - DEBUG - Processando página 372/860
2025-03-21 16:13:05,506 - DEBUG - Processando página 373/860
2025-03-21 16:13:05,507 - DEBUG - Processando página 374/860
2025-03-21 16:13:05,507 - INFO - Nota de Empenho detectada na página 374: 19030007
2025-03-21 16:13:05,509 - INFO - Arquivo salvo com sucesso: D:/ne/NE ADM\NE21030004.pdf
2025-03-21 16:13:05,510 - DEBUG - Processando página 375/860
2025-03-21 16:13:05,510 - DEBUG - Página 375 ignorada (Nota de Liquidação detectada)
2025-03-21 16:13:05,511 - DEBUG - Processando página 376/860
2025-03-21 16:13:05,512 - DEBUG - Processando página 377/860
2025-03-21 16:13:05,513 - DEBUG - Processando página 378/860
2025-03-21 16:13:05,513 - INFO - Nota de Empenho detectada na página 378: 21030006
2025-03-21 16:13:05,515 - INFO - Arquivo salvo com sucesso: D:/ne/NE ADM\NE19030007.pdf
2025-03-21 16:13:05,516 - DEBUG - Processando página 379/860
2025-03-21 16:13:05,517 - DEBUG - Página 379 ignorada (Nota de Liquidação detectada)
2025-03-21 16:13:05,518 - DEBUG - Processando página 380/860
2025-03-21 16:13:05,519 - DEBUG - Processando página 381/860
2025-03-21 16:13:05,520 - DEBUG - Processando página 382/860
2025-03-21 16:13:05,520 - INFO - Nota de Empenho detectada na página 382: 8030030
2025-03-21 16:13:05,522 - INFO - Arquivo salvo com sucesso: D:/ne/NE ADM\NE21030006.pdf
2025-03-21 16:13:05,523 - DEBUG - Processando página 383/860
2025-03-21 16:13:05,524 - DEBUG - Página 383 ignorada (Nota de Liquidação detectada)
2025-03-21 16:13:05,525 - DEBUG - Processando página 384/860
2025-03-21 16:13:05,526 - DEBUG - Processando página 385/860
2025-03-21 16:13:05,528 - DEBUG - Processando página 386/860
2025-03-21 16:13:05,528 - INFO - Nota de Empenho detectada na página 386: 19030008
2025-03-21 16:13:05,530 - INFO - Arquivo salvo com sucesso: D:/ne/NE ADM\NE8030030.pdf
2025-03-21 16:13:05,531 - DEBUG - Processando página 387/860
2025-03-21 16:13:05,531 - DEBUG - Página 387 ignorada (Nota de Liquidação detectada)
2025-03-21 16:13:05,532 - DEBUG - Processando página 388/860
2025-03-21 16:13:05,533 - DEBUG - Processando página 389/860
2025-03-21 16:13:05,535 - DEBUG - Processando página 390/860
2025-03-21 16:13:05,536 - INFO - Nota de Empenho detectada na página 390: 6030008
2025-03-21 16:13:05,537 - INFO - Arquivo salvo com sucesso: D:/ne/NE ADM\NE19030008.pdf
2025-03-21 16:13:05,538 - DEBUG - Processando página 391/860
2025-03-21 16:13:05,539 - DEBUG - Página 391 ignorada (Nota de Liquidação detectada)
2025-03-21 16:13:05,539 - DEBUG - Processando página 392/860
2025-03-21 16:13:05,541 - DEBUG - Processando página 393/860
2025-03-21 16:13:05,543 - DEBUG - Processando página 394/860
2025-03-21 16:13:05,544 - DEBUG - Processando página 395/860
2025-03-21 16:13:05,545 - DEBUG - Processando página 396/860
2025-03-21 16:13:05,546 - DEBUG - Processando página 397/860
2025-03-21 16:13:05,547 - DEBUG - Processando página 398/860
2025-03-21 16:13:05,548 - DEBUG - Processando página 399/860
2025-03-21 16:13:05,549 - DEBUG - Processando página 400/860
2025-03-21 16:13:05,551 - DEBUG - Processando página 401/860
2025-03-21 16:13:05,552 - DEBUG - Processando página 402/860
2025-03-21 16:13:05,553 - DEBUG - Processando página 403/860
2025-03-21 16:13:05,554 - DEBUG - Processando página 404/860
2025-03-21 16:13:05,555 - DEBUG - Processando página 405/860
2025-03-21 16:13:05,556 - DEBUG - Processando página 406/860
2025-03-21 16:13:05,557 - DEBUG - Processando página 407/860
2025-03-21 16:13:05,558 - DEBUG - Processando página 408/860
2025-03-21 16:13:05,559 - DEBUG - Processando página 409/860
2025-03-21 16:13:05,561 - DEBUG - Processando página 410/860
2025-03-21 16:13:05,562 - DEBUG - Processando página 411/860
2025-03-21 16:13:05,564 - DEBUG - Processando página 412/860
2025-03-21 16:13:05,565 - DEBUG - Processando página 413/860
2025-03-21 16:13:05,567 - DEBUG - Processando página 414/860
2025-03-21 16:13:05,568 - DEBUG - Processando página 415/860
2025-03-21 16:13:05,570 - DEBUG - Processando página 416/860
2025-03-21 16:13:05,571 - DEBUG - Processando página 417/860
2025-03-21 16:13:05,573 - DEBUG - Processando página 418/860
2025-03-21 16:13:05,574 - DEBUG - Processando página 419/860
2025-03-21 16:13:05,575 - DEBUG - Processando página 420/860
2025-03-21 16:13:05,576 - DEBUG - Processando página 421/860
2025-03-21 16:13:05,579 - DEBUG - Processando página 422/860
2025-03-21 16:13:05,580 - DEBUG - Processando página 423/860
2025-03-21 16:13:05,581 - DEBUG - Processando página 424/860
2025-03-21 16:13:05,582 - INFO - Nota de Empenho detectada na página 424: 7030006
2025-03-21 16:13:05,588 - INFO - Arquivo salvo com sucesso: D:/ne/NE ADM\NE6030008.pdf
2025-03-21 16:13:05,589 - DEBUG - Processando página 425/860
2025-03-21 16:13:05,590 - DEBUG - Página 425 ignorada (Nota de Liquidação detectada)
2025-03-21 16:13:05,591 - DEBUG - Processando página 426/860
2025-03-21 16:13:05,592 - DEBUG - Processando página 427/860
2025-03-21 16:13:05,594 - DEBUG - Processando página 428/860
2025-03-21 16:13:05,594 - DEBUG - Processando página 429/860
2025-03-21 16:13:05,595 - DEBUG - Processando página 430/860
2025-03-21 16:13:05,596 - DEBUG - Processando página 431/860
2025-03-21 16:13:05,597 - DEBUG - Processando página 432/860
2025-03-21 16:13:05,599 - DEBUG - Processando página 433/860
2025-03-21 16:13:05,600 - DEBUG - Processando página 434/860
2025-03-21 16:13:05,601 - DEBUG - Processando página 435/860
2025-03-21 16:13:05,602 - DEBUG - Processando página 436/860
2025-03-21 16:13:05,603 - DEBUG - Processando página 437/860
2025-03-21 16:13:05,604 - DEBUG - Processando página 438/860
2025-03-21 16:13:05,605 - DEBUG - Processando página 439/860
2025-03-21 16:13:05,606 - DEBUG - Processando página 440/860
2025-03-21 16:13:05,608 - DEBUG - Processando página 441/860
2025-03-21 16:13:05,609 - DEBUG - Processando página 442/860
2025-03-21 16:13:05,610 - DEBUG - Processando página 443/860
2025-03-21 16:13:05,612 - DEBUG - Processando página 444/860
2025-03-21 16:13:05,613 - DEBUG - Processando página 445/860
2025-03-21 16:13:05,615 - DEBUG - Processando página 446/860
2025-03-21 16:13:05,616 - DEBUG - Processando página 447/860
2025-03-21 16:13:05,617 - DEBUG - Processando página 448/860
2025-03-21 16:13:05,618 - DEBUG - Processando página 449/860
2025-03-21 16:13:05,621 - DEBUG - Processando página 450/860
2025-03-21 16:13:05,622 - DEBUG - Processando página 451/860
2025-03-21 16:13:05,623 - DEBUG - Processando página 452/860
2025-03-21 16:13:05,623 - DEBUG - Processando página 453/860
2025-03-21 16:13:05,624 - INFO - Nota de Empenho detectada na página 453: 22010004
2025-03-21 16:13:05,630 - INFO - Arquivo salvo com sucesso: D:/ne/NE ADM\NE7030006.pdf
2025-03-21 16:13:05,631 - DEBUG - Processando página 454/860
2025-03-21 16:13:05,631 - DEBUG - Página 454 ignorada (Nota de Liquidação detectada)
2025-03-21 16:13:05,632 - DEBUG - Processando página 455/860
2025-03-21 16:13:05,634 - DEBUG - Processando página 456/860
2025-03-21 16:13:05,635 - DEBUG - Processando página 457/860
2025-03-21 16:13:05,636 - DEBUG - Processando página 458/860
2025-03-21 16:13:05,637 - DEBUG - Processando página 459/860
2025-03-21 16:13:05,638 - DEBUG - Processando página 460/860
2025-03-21 16:13:05,639 - INFO - Nota de Empenho detectada na página 460: 11010006
2025-03-21 16:13:05,641 - INFO - Arquivo salvo com sucesso: D:/ne/NE ADM\NE22010004.pdf
2025-03-21 16:13:05,641 - DEBUG - Processando página 461/860
2025-03-21 16:13:05,642 - DEBUG - Página 461 ignorada (Nota de Liquidação detectada)
2025-03-21 16:13:05,643 - DEBUG - Processando página 462/860
2025-03-21 16:13:05,644 - DEBUG - Processando página 463/860
2025-03-21 16:13:05,646 - DEBUG - Processando página 464/860
2025-03-21 16:13:05,647 - DEBUG - Processando página 465/860
2025-03-21 16:13:05,648 - DEBUG - Processando página 466/860
2025-03-21 16:13:05,649 - DEBUG - Processando página 467/860
2025-03-21 16:13:05,650 - INFO - Nota de Empenho detectada na página 467: 8030014
2025-03-21 16:13:05,652 - INFO - Arquivo salvo com sucesso: D:/ne/NE ADM\NE11010006.pdf
2025-03-21 16:13:05,653 - DEBUG - Processando página 468/860
2025-03-21 16:13:05,654 - DEBUG - Página 468 ignorada (Nota de Liquidação detectada)
2025-03-21 16:13:05,655 - DEBUG - Processando página 469/860
2025-03-21 16:13:05,655 - DEBUG - Processando página 470/860
2025-03-21 16:13:05,657 - DEBUG - Processando página 471/860
2025-03-21 16:13:05,657 - INFO - Nota de Empenho detectada na página 471: 7030004
2025-03-21 16:13:05,658 - INFO - Arquivo salvo com sucesso: D:/ne/NE ADM\NE8030014.pdf
2025-03-21 16:13:05,659 - DEBUG - Processando página 472/860
2025-03-21 16:13:05,660 - DEBUG - Página 472 ignorada (Nota de Liquidação detectada)
2025-03-21 16:13:05,661 - DEBUG - Processando página 473/860
2025-03-21 16:13:05,662 - DEBUG - Processando página 474/860
2025-03-21 16:13:05,663 - DEBUG - Processando página 475/860
2025-03-21 16:13:05,664 - INFO - Nota de Empenho detectada na página 475: 5030011
2025-03-21 16:13:05,665 - INFO - Arquivo salvo com sucesso: D:/ne/NE ADM\NE7030004.pdf
2025-03-21 16:13:05,666 - DEBUG - Processando página 476/860
2025-03-21 16:13:05,667 - INFO - Nota de Empenho detectada na página 476: 5030011
2025-03-21 16:13:05,668 - INFO - Arquivo salvo com sucesso: D:/ne/NE ADM\NE5030011.pdf
2025-03-21 16:13:05,669 - DEBUG - Processando página 477/860
2025-03-21 16:13:05,670 - DEBUG - Processando página 478/860
2025-03-21 16:13:05,671 - DEBUG - Processando página 479/860
2025-03-21 16:13:05,672 - INFO - Nota de Empenho detectada na página 479: 16020012
2025-03-21 16:13:05,674 - INFO - Arquivo salvo com sucesso: D:/ne/NE ADM\NE5030011_3.pdf
2025-03-21 16:13:05,675 - DEBUG - Processando página 480/860
2025-03-21 16:13:05,675 - DEBUG - Página 480 ignorada (Nota de Liquidação detectada)
2025-03-21 16:13:05,676 - DEBUG - Processando página 481/860
2025-03-21 16:13:05,678 - DEBUG - Processando página 482/860
2025-03-21 16:13:05,679 - DEBUG - Processando página 483/860
2025-03-21 16:13:05,681 - DEBUG - Processando página 484/860
2025-03-21 16:13:05,683 - DEBUG - Processando página 485/860
2025-03-21 16:13:05,685 - DEBUG - Processando página 486/860
2025-03-21 16:13:05,686 - DEBUG - Processando página 487/860
2025-03-21 16:13:05,688 - DEBUG - Processando página 488/860
2025-03-21 16:13:05,690 - DEBUG - Processando página 489/860
2025-03-21 16:13:05,691 - DEBUG - Processando página 490/860
2025-03-21 16:13:05,693 - DEBUG - Processando página 491/860
2025-03-21 16:13:05,696 - DEBUG - Processando página 492/860
2025-03-21 16:13:05,699 - DEBUG - Processando página 493/860
2025-03-21 16:13:05,701 - DEBUG - Processando página 494/860
2025-03-21 16:13:05,704 - DEBUG - Processando página 495/860
2025-03-21 16:13:05,706 - DEBUG - Processando página 496/860
2025-03-21 16:13:05,709 - DEBUG - Processando página 497/860
2025-03-21 16:13:05,712 - DEBUG - Processando página 498/860
2025-03-21 16:13:05,713 - DEBUG - Processando página 499/860
2025-03-21 16:13:05,715 - DEBUG - Processando página 500/860
2025-03-21 16:13:05,718 - DEBUG - Processando página 501/860
2025-03-21 16:13:05,720 - DEBUG - Processando página 502/860
2025-03-21 16:13:05,723 - DEBUG - Processando página 503/860
2025-03-21 16:13:05,725 - DEBUG - Processando página 504/860
2025-03-21 16:13:05,728 - DEBUG - Processando página 505/860
2025-03-21 16:13:05,729 - DEBUG - Processando página 506/860
2025-03-21 16:13:05,733 - DEBUG - Processando página 507/860
2025-03-21 16:13:05,736 - DEBUG - Processando página 508/860
2025-03-21 16:13:05,739 - DEBUG - Processando página 509/860
2025-03-21 16:13:05,742 - DEBUG - Processando página 510/860
2025-03-21 16:13:05,746 - DEBUG - Processando página 511/860
2025-03-21 16:13:05,749 - DEBUG - Processando página 512/860
2025-03-21 16:13:05,751 - DEBUG - Processando página 513/860
2025-03-21 16:13:05,754 - DEBUG - Processando página 514/860
2025-03-21 16:13:05,756 - DEBUG - Processando página 515/860
2025-03-21 16:13:05,760 - DEBUG - Processando página 516/860
2025-03-21 16:13:05,763 - DEBUG - Processando página 517/860
2025-03-21 16:13:05,766 - DEBUG - Processando página 518/860
2025-03-21 16:13:05,768 - DEBUG - Processando página 519/860
2025-03-21 16:13:05,771 - DEBUG - Processando página 520/860
2025-03-21 16:13:05,773 - DEBUG - Processando página 521/860
2025-03-21 16:13:05,775 - DEBUG - Processando página 522/860
2025-03-21 16:13:05,777 - DEBUG - Processando página 523/860
2025-03-21 16:13:05,780 - DEBUG - Processando página 524/860
2025-03-21 16:13:05,781 - DEBUG - Processando página 525/860
2025-03-21 16:13:05,783 - DEBUG - Processando página 526/860
2025-03-21 16:13:05,785 - DEBUG - Processando página 527/860
2025-03-21 16:13:05,787 - DEBUG - Página 527 ignorada (Nota de Liquidação detectada)
2025-03-21 16:13:05,788 - DEBUG - Processando página 528/860
2025-03-21 16:13:05,789 - DEBUG - Página 528 ignorada (Nota de Liquidação detectada)
2025-03-21 16:13:05,790 - DEBUG - Processando página 529/860
2025-03-21 16:13:05,791 - DEBUG - Processando página 530/860
2025-03-21 16:13:05,793 - DEBUG - Processando página 531/860
2025-03-21 16:13:05,795 - INFO - Nota de Empenho detectada na página 531: 5030012
2025-03-21 16:13:05,803 - INFO - Arquivo salvo com sucesso: D:/ne/NE ADM\NE16020012.pdf
2025-03-21 16:13:05,805 - DEBUG - Processando página 532/860
2025-03-21 16:13:05,806 - DEBUG - Página 532 ignorada (Nota de Liquidação detectada)
2025-03-21 16:13:05,807 - DEBUG - Processando página 533/860
2025-03-21 16:13:05,808 - DEBUG - Processando página 534/860
2025-03-21 16:13:05,810 - DEBUG - Processando página 535/860
2025-03-21 16:13:05,811 - INFO - Nota de Empenho detectada na página 535: 11030015
2025-03-21 16:13:05,812 - INFO - Arquivo salvo com sucesso: D:/ne/NE ADM\NE5030012.pdf
2025-03-21 16:13:05,813 - DEBUG - Processando página 536/860
2025-03-21 16:13:05,814 - DEBUG - Página 536 ignorada (Nota de Liquidação detectada)
2025-03-21 16:13:05,815 - DEBUG - Processando página 537/860
2025-03-21 16:13:05,816 - DEBUG - Processando página 538/860
2025-03-21 16:13:05,818 - DEBUG - Processando página 539/860
2025-03-21 16:13:05,818 - INFO - Nota de Empenho detectada na página 539: 30010083
2025-03-21 16:13:05,820 - INFO - Arquivo salvo com sucesso: D:/ne/NE ADM\NE11030015.pdf
2025-03-21 16:13:05,821 - DEBUG - Processando página 540/860
2025-03-21 16:13:05,822 - DEBUG - Página 540 ignorada (Nota de Liquidação detectada)
2025-03-21 16:13:05,823 - DEBUG - Processando página 541/860
2025-03-21 16:13:05,825 - DEBUG - Processando página 542/860
2025-03-21 16:13:05,826 - DEBUG - Processando página 543/860
2025-03-21 16:13:05,827 - DEBUG - Processando página 544/860
2025-03-21 16:13:05,829 - DEBUG - Processando página 545/860
2025-03-21 16:13:05,831 - DEBUG - Processando página 546/860
2025-03-21 16:13:05,832 - DEBUG - Processando página 547/860
2025-03-21 16:13:05,834 - DEBUG - Processando página 548/860
2025-03-21 16:13:05,836 - DEBUG - Processando página 549/860
2025-03-21 16:13:05,838 - DEBUG - Processando página 550/860
2025-03-21 16:13:05,839 - DEBUG - Processando página 551/860
2025-03-21 16:13:05,842 - DEBUG - Processando página 552/860
2025-03-21 16:13:05,843 - DEBUG - Processando página 553/860
2025-03-21 16:13:05,844 - DEBUG - Processando página 554/860
2025-03-21 16:13:05,846 - DEBUG - Processando página 555/860
2025-03-21 16:13:05,848 - DEBUG - Processando página 556/860
2025-03-21 16:13:05,850 - DEBUG - Processando página 557/860
2025-03-21 16:13:05,852 - DEBUG - Processando página 558/860
2025-03-21 16:13:05,854 - DEBUG - Processando página 559/860
2025-03-21 16:13:05,855 - DEBUG - Processando página 560/860
2025-03-21 16:13:05,857 - DEBUG - Processando página 561/860
2025-03-21 16:13:05,859 - DEBUG - Processando página 562/860
2025-03-21 16:13:05,861 - DEBUG - Processando página 563/860
2025-03-21 16:13:05,862 - DEBUG - Processando página 564/860
2025-03-21 16:13:05,864 - DEBUG - Processando página 565/860
2025-03-21 16:13:05,866 - DEBUG - Processando página 566/860
2025-03-21 16:13:05,868 - DEBUG - Processando página 567/860
2025-03-21 16:13:05,870 - DEBUG - Processando página 568/860
2025-03-21 16:13:05,876 - DEBUG - Processando página 569/860
2025-03-21 16:13:05,877 - DEBUG - Processando página 570/860
2025-03-21 16:13:05,879 - DEBUG - Processando página 571/860
2025-03-21 16:13:05,879 - INFO - Nota de Empenho detectada na página 571: 19020008
2025-03-21 16:13:05,887 - INFO - Arquivo salvo com sucesso: D:/ne/NE ADM\NE30010083.pdf
2025-03-21 16:13:05,887 - DEBUG - Processando página 572/860
2025-03-21 16:13:05,888 - DEBUG - Página 572 ignorada (Nota de Liquidação detectada)
2025-03-21 16:13:05,889 - DEBUG - Processando página 573/860
2025-03-21 16:13:05,890 - DEBUG - Processando página 574/860
2025-03-21 16:13:05,891 - DEBUG - Processando página 575/860
2025-03-21 16:13:05,893 - DEBUG - Processando página 576/860
2025-03-21 16:13:05,893 - DEBUG - Processando página 577/860
2025-03-21 16:13:05,894 - DEBUG - Processando página 578/860
2025-03-21 16:13:05,895 - INFO - Nota de Empenho detectada na página 578: 22010002
2025-03-21 16:13:05,897 - INFO - Arquivo salvo com sucesso: D:/ne/NE ADM\NE19020008.pdf
2025-03-21 16:13:05,898 - DEBUG - Processando página 579/860
2025-03-21 16:13:05,898 - DEBUG - Página 579 ignorada (Nota de Liquidação detectada)
2025-03-21 16:13:05,899 - DEBUG - Processando página 580/860
2025-03-21 16:13:05,900 - DEBUG - Processando página 581/860
2025-03-21 16:13:05,902 - DEBUG - Processando página 582/860
2025-03-21 16:13:05,903 - DEBUG - Processando página 583/860
2025-03-21 16:13:05,904 - DEBUG - Processando página 584/860
2025-03-21 16:13:05,905 - DEBUG - Processando página 585/860
2025-03-21 16:13:05,905 - INFO - Nota de Empenho detectada na página 585: 5010003
2025-03-21 16:13:05,907 - INFO - Arquivo salvo com sucesso: D:/ne/NE ADM\NE22010002.pdf
2025-03-21 16:13:05,908 - DEBUG - Processando página 586/860
2025-03-21 16:13:05,908 - DEBUG - Página 586 ignorada (Nota de Liquidação detectada)
2025-03-21 16:13:05,909 - DEBUG - Processando página 587/860
2025-03-21 16:13:05,910 - DEBUG - Processando página 588/860
2025-03-21 16:13:05,911 - DEBUG - Processando página 589/860
2025-03-21 16:13:05,913 - DEBUG - Processando página 590/860
2025-03-21 16:13:05,914 - DEBUG - Processando página 591/860
2025-03-21 16:13:05,915 - DEBUG - Processando página 592/860
2025-03-21 16:13:05,915 - INFO - Nota de Empenho detectada na página 592: 8030016
2025-03-21 16:13:05,918 - INFO - Arquivo salvo com sucesso: D:/ne/NE ADM\NE5010003.pdf
2025-03-21 16:13:05,919 - DEBUG - Processando página 593/860
2025-03-21 16:13:05,920 - DEBUG - Página 593 ignorada (Nota de Liquidação detectada)
2025-03-21 16:13:05,920 - DEBUG - Processando página 594/860
2025-03-21 16:13:05,921 - DEBUG - Processando página 595/860
2025-03-21 16:13:05,922 - DEBUG - Processando página 596/860
2025-03-21 16:13:05,923 - INFO - Nota de Empenho detectada na página 596: 11010006
2025-03-21 16:13:05,924 - INFO - Arquivo salvo com sucesso: D:/ne/NE ADM\NE8030016.pdf
2025-03-21 16:13:05,925 - DEBUG - Processando página 597/860
2025-03-21 16:13:05,926 - DEBUG - Página 597 ignorada (Nota de Liquidação detectada)
2025-03-21 16:13:05,926 - DEBUG - Processando página 598/860
2025-03-21 16:13:05,927 - DEBUG - Processando página 599/860
2025-03-21 16:13:05,928 - DEBUG - Processando página 600/860
2025-03-21 16:13:05,929 - INFO - Nota de Empenho detectada na página 600: 11010008
2025-03-21 16:13:05,931 - INFO - Arquivo salvo com sucesso: D:/ne/NE ADM\NE11010006_3.pdf
2025-03-21 16:13:05,931 - DEBUG - Processando página 601/860
2025-03-21 16:13:05,932 - DEBUG - Página 601 ignorada (Nota de Liquidação detectada)
2025-03-21 16:13:05,933 - DEBUG - Processando página 602/860
2025-03-21 16:13:05,934 - DEBUG - Processando página 603/860
2025-03-21 16:13:05,935 - DEBUG - Processando página 604/860
2025-03-21 16:13:05,936 - INFO - Nota de Empenho detectada na página 604: 13030008
2025-03-21 16:13:05,937 - INFO - Arquivo salvo com sucesso: D:/ne/NE ADM\NE11010008.pdf
2025-03-21 16:13:05,938 - DEBUG - Processando página 605/860
2025-03-21 16:13:05,939 - DEBUG - Página 605 ignorada (Nota de Liquidação detectada)
2025-03-21 16:13:05,940 - DEBUG - Processando página 606/860
2025-03-21 16:13:05,941 - DEBUG - Processando página 607/860
2025-03-21 16:13:05,942 - DEBUG - Processando página 608/860
2025-03-21 16:13:05,942 - INFO - Nota de Empenho detectada na página 608: 12030007
2025-03-21 16:13:05,944 - INFO - Arquivo salvo com sucesso: D:/ne/NE ADM\NE13030008.pdf
2025-03-21 16:13:05,945 - DEBUG - Processando página 609/860
2025-03-21 16:13:05,945 - DEBUG - Página 609 ignorada (Nota de Liquidação detectada)
2025-03-21 16:13:05,946 - DEBUG - Processando página 610/860
2025-03-21 16:13:05,947 - DEBUG - Processando página 611/860
2025-03-21 16:13:05,948 - DEBUG - Processando página 612/860
2025-03-21 16:13:05,949 - INFO - Nota de Empenho detectada na página 612: 15020012
2025-03-21 16:13:05,950 - INFO - Arquivo salvo com sucesso: D:/ne/NE ADM\NE12030007.pdf
2025-03-21 16:13:05,951 - DEBUG - Processando página 613/860
2025-03-21 16:13:05,952 - DEBUG - Página 613 ignorada (Nota de Liquidação detectada)
2025-03-21 16:13:05,952 - DEBUG - Processando página 614/860
2025-03-21 16:13:05,954 - DEBUG - Processando página 615/860
2025-03-21 16:13:05,955 - DEBUG - Processando página 616/860
2025-03-21 16:13:05,956 - DEBUG - Processando página 617/860
2025-03-21 16:13:05,957 - DEBUG - Processando página 618/860
2025-03-21 16:13:05,958 - DEBUG - Processando página 619/860
2025-03-21 16:13:05,958 - INFO - Nota de Empenho detectada na página 619: 16010002
2025-03-21 16:13:05,960 - INFO - Arquivo salvo com sucesso: D:/ne/NE ADM\NE15020012_3.pdf
2025-03-21 16:13:05,961 - DEBUG - Processando página 620/860
2025-03-21 16:13:05,964 - DEBUG - Página 620 ignorada (Nota de Liquidação detectada)
2025-03-21 16:13:05,967 - DEBUG - Processando página 621/860
2025-03-21 16:13:05,968 - DEBUG - Processando página 622/860
2025-03-21 16:13:05,969 - DEBUG - Processando página 623/860
2025-03-21 16:13:05,970 - INFO - Nota de Empenho detectada na página 623: 15010002
2025-03-21 16:13:05,971 - INFO - Arquivo salvo com sucesso: D:/ne/NE ADM\NE16010002.pdf
2025-03-21 16:13:05,972 - DEBUG - Processando página 624/860
2025-03-21 16:13:05,973 - DEBUG - Página 624 ignorada (Nota de Liquidação detectada)
2025-03-21 16:13:05,974 - DEBUG - Processando página 625/860
2025-03-21 16:13:05,976 - DEBUG - Processando página 626/860
2025-03-21 16:13:05,977 - DEBUG - Processando página 627/860
2025-03-21 16:13:05,978 - INFO - Nota de Empenho detectada na página 627: 11010005
2025-03-21 16:13:05,980 - INFO - Arquivo salvo com sucesso: D:/ne/NE ADM\NE15010002_3.pdf
2025-03-21 16:13:05,981 - DEBUG - Processando página 628/860
2025-03-21 16:13:05,981 - DEBUG - Página 628 ignorada (Nota de Liquidação detectada)
2025-03-21 16:13:05,982 - DEBUG - Processando página 629/860
2025-03-21 16:13:05,983 - DEBUG - Processando página 630/860
2025-03-21 16:13:05,985 - DEBUG - Processando página 631/860
2025-03-21 16:13:05,985 - INFO - Nota de Empenho detectada na página 631: 11010004
2025-03-21 16:13:05,987 - INFO - Arquivo salvo com sucesso: D:/ne/NE ADM\NE11010005.pdf
2025-03-21 16:13:05,988 - DEBUG - Processando página 632/860
2025-03-21 16:13:05,988 - DEBUG - Página 632 ignorada (Nota de Liquidação detectada)
2025-03-21 16:13:05,989 - DEBUG - Processando página 633/860
2025-03-21 16:13:05,990 - DEBUG - Processando página 634/860
2025-03-21 16:13:05,991 - DEBUG - Processando página 635/860
2025-03-21 16:13:05,992 - INFO - Nota de Empenho detectada na página 635: 30040041
2025-03-21 16:13:05,994 - INFO - Arquivo salvo com sucesso: D:/ne/NE ADM\NE11010004.pdf
2025-03-21 16:13:05,994 - DEBUG - Processando página 636/860
2025-03-21 16:13:05,995 - DEBUG - Página 636 ignorada (Nota de Liquidação detectada)
2025-03-21 16:13:05,996 - DEBUG - Processando página 637/860
2025-03-21 16:13:05,998 - DEBUG - Processando página 638/860
2025-03-21 16:13:05,998 - DEBUG - Processando página 639/860
2025-03-21 16:13:06,000 - DEBUG - Processando página 640/860
2025-03-21 16:13:06,002 - DEBUG - Processando página 641/860
2025-03-21 16:13:06,003 - DEBUG - Processando página 642/860
2025-03-21 16:13:06,005 - DEBUG - Processando página 643/860
2025-03-21 16:13:06,006 - DEBUG - Processando página 644/860
2025-03-21 16:13:06,007 - DEBUG - Processando página 645/860
2025-03-21 16:13:06,009 - DEBUG - Processando página 646/860
2025-03-21 16:13:06,010 - DEBUG - Processando página 647/860
2025-03-21 16:13:06,011 - DEBUG - Processando página 648/860
2025-03-21 16:13:06,012 - DEBUG - Processando página 649/860
2025-03-21 16:13:06,013 - INFO - Nota de Empenho detectada na página 649: 30040029
2025-03-21 16:13:06,017 - INFO - Arquivo salvo com sucesso: D:/ne/NE ADM\NE30040041.pdf
2025-03-21 16:13:06,019 - DEBUG - Processando página 650/860
2025-03-21 16:13:06,019 - DEBUG - Página 650 ignorada (Nota de Liquidação detectada)
2025-03-21 16:13:06,020 - DEBUG - Processando página 651/860
2025-03-21 16:13:06,022 - DEBUG - Processando página 652/860
2025-03-21 16:13:06,023 - DEBUG - Processando página 653/860
2025-03-21 16:13:06,025 - DEBUG - Processando página 654/860
2025-03-21 16:13:06,026 - DEBUG - Processando página 655/860
2025-03-21 16:13:06,028 - DEBUG - Processando página 656/860
2025-03-21 16:13:06,030 - DEBUG - Processando página 657/860
2025-03-21 16:13:06,031 - DEBUG - Processando página 658/860
2025-03-21 16:13:06,033 - DEBUG - Processando página 659/860
2025-03-21 16:13:06,035 - DEBUG - Processando página 660/860
2025-03-21 16:13:06,037 - DEBUG - Processando página 661/860
2025-03-21 16:13:06,038 - DEBUG - Processando página 662/860
2025-03-21 16:13:06,040 - DEBUG - Processando página 663/860
2025-03-21 16:13:06,041 - DEBUG - Processando página 664/860
2025-03-21 16:13:06,042 - DEBUG - Processando página 665/860
2025-03-21 16:13:06,043 - DEBUG - Processando página 666/860
2025-03-21 16:13:06,044 - INFO - Nota de Empenho detectada na página 666: 22010002
2025-03-21 16:13:06,048 - INFO - Arquivo salvo com sucesso: D:/ne/NE ADM\NE30040029.pdf
2025-03-21 16:13:06,049 - DEBUG - Processando página 667/860
2025-03-21 16:13:06,050 - DEBUG - Página 667 ignorada (Nota de Liquidação detectada)
2025-03-21 16:13:06,051 - DEBUG - Processando página 668/860
2025-03-21 16:13:06,052 - DEBUG - Processando página 669/860
2025-03-21 16:13:06,053 - DEBUG - Processando página 670/860
2025-03-21 16:13:06,055 - DEBUG - Processando página 671/860
2025-03-21 16:13:06,056 - DEBUG - Processando página 672/860
2025-03-21 16:13:06,057 - DEBUG - Processando página 673/860
2025-03-21 16:13:06,058 - INFO - Nota de Empenho detectada na página 673: 9050018
2025-03-21 16:13:06,060 - INFO - Arquivo salvo com sucesso: D:/ne/NE ADM\NE22010002_3.pdf
2025-03-21 16:13:06,061 - DEBUG - Processando página 674/860
2025-03-21 16:13:06,062 - DEBUG - Página 674 ignorada (Nota de Liquidação detectada)
2025-03-21 16:13:06,063 - DEBUG - Processando página 675/860
2025-03-21 16:13:06,064 - DEBUG - Processando página 676/860
2025-03-21 16:13:06,065 - DEBUG - Processando página 677/860
2025-03-21 16:13:06,067 - DEBUG - Processando página 678/860
2025-03-21 16:13:06,068 - DEBUG - Processando página 679/860
2025-03-21 16:13:06,069 - DEBUG - Processando página 680/860
2025-03-21 16:13:06,071 - DEBUG - Processando página 681/860
2025-03-21 16:13:06,072 - DEBUG - Processando página 682/860
2025-03-21 16:13:06,073 - DEBUG - Processando página 683/860
2025-03-21 16:13:06,074 - DEBUG - Processando página 684/860
2025-03-21 16:13:06,075 - DEBUG - Processando página 685/860
2025-03-21 16:13:06,076 - DEBUG - Processando página 686/860
2025-03-21 16:13:06,077 - DEBUG - Processando página 687/860
2025-03-21 16:13:06,078 - DEBUG - Processando página 688/860
2025-03-21 16:13:06,079 - DEBUG - Processando página 689/860
2025-03-21 16:13:06,080 - DEBUG - Processando página 690/860
2025-03-21 16:13:06,082 - DEBUG - Processando página 691/860
2025-03-21 16:13:06,083 - DEBUG - Processando página 692/860
2025-03-21 16:13:06,085 - DEBUG - Processando página 693/860
2025-03-21 16:13:06,087 - DEBUG - Processando página 694/860
2025-03-21 16:13:06,088 - DEBUG - Processando página 695/860
2025-03-21 16:13:06,090 - DEBUG - Processando página 696/860
2025-03-21 16:13:06,091 - DEBUG - Processando página 697/860
2025-03-21 16:13:06,092 - DEBUG - Processando página 698/860
2025-03-21 16:13:06,094 - DEBUG - Processando página 699/860
2025-03-21 16:13:06,095 - DEBUG - Processando página 700/860
2025-03-21 16:13:06,096 - DEBUG - Processando página 701/860
2025-03-21 16:13:06,097 - INFO - Nota de Empenho detectada na página 701: 2050018
2025-03-21 16:13:06,103 - INFO - Arquivo salvo com sucesso: D:/ne/NE ADM\NE9050018.pdf
2025-03-21 16:13:06,105 - DEBUG - Processando página 702/860
2025-03-21 16:13:06,105 - DEBUG - Página 702 ignorada (Nota de Liquidação detectada)
2025-03-21 16:13:06,106 - DEBUG - Processando página 703/860
2025-03-21 16:13:06,108 - DEBUG - Processando página 704/860
2025-03-21 16:13:06,109 - DEBUG - Processando página 705/860
2025-03-21 16:13:06,110 - DEBUG - Processando página 706/860
2025-03-21 16:13:06,111 - DEBUG - Processando página 707/860
2025-03-21 16:13:06,113 - DEBUG - Processando página 708/860
2025-03-21 16:13:06,114 - DEBUG - Processando página 709/860
2025-03-21 16:13:06,115 - DEBUG - Processando página 710/860
2025-03-21 16:13:06,116 - DEBUG - Processando página 711/860
2025-03-21 16:13:06,117 - DEBUG - Processando página 712/860
2025-03-21 16:13:06,119 - DEBUG - Processando página 713/860
2025-03-21 16:13:06,120 - DEBUG - Processando página 714/860
2025-03-21 16:13:06,120 - DEBUG - Processando página 715/860
2025-03-21 16:13:06,121 - DEBUG - Processando página 716/860
2025-03-21 16:13:06,122 - DEBUG - Processando página 717/860
2025-03-21 16:13:06,123 - DEBUG - Processando página 718/860
2025-03-21 16:13:06,124 - DEBUG - Processando página 719/860
2025-03-21 16:13:06,126 - DEBUG - Processando página 720/860
2025-03-21 16:13:06,128 - DEBUG - Processando página 721/860
2025-03-21 16:13:06,134 - DEBUG - Processando página 722/860
2025-03-21 16:13:06,139 - DEBUG - Processando página 723/860
2025-03-21 16:13:06,141 - DEBUG - Processando página 724/860
2025-03-21 16:13:06,142 - DEBUG - Processando página 725/860
2025-03-21 16:13:06,142 - INFO - Nota de Empenho detectada na página 725: 6050030
2025-03-21 16:13:06,147 - INFO - Arquivo salvo com sucesso: D:/ne/NE ADM\NE2050018.pdf
2025-03-21 16:13:06,148 - DEBUG - Processando página 726/860
2025-03-21 16:13:06,149 - DEBUG - Página 726 ignorada (Nota de Liquidação detectada)
2025-03-21 16:13:06,150 - DEBUG - Processando página 727/860
2025-03-21 16:13:06,152 - DEBUG - Processando página 728/860
2025-03-21 16:13:06,153 - DEBUG - Processando página 729/860
2025-03-21 16:13:06,155 - DEBUG - Processando página 730/860
2025-03-21 16:13:06,156 - DEBUG - Processando página 731/860
2025-03-21 16:13:06,157 - DEBUG - Processando página 732/860
2025-03-21 16:13:06,158 - DEBUG - Processando página 733/860
2025-03-21 16:13:06,159 - DEBUG - Processando página 734/860
2025-03-21 16:13:06,160 - DEBUG - Processando página 735/860
2025-03-21 16:13:06,161 - DEBUG - Processando página 736/860
2025-03-21 16:13:06,162 - DEBUG - Processando página 737/860
2025-03-21 16:13:06,163 - DEBUG - Processando página 738/860
2025-03-21 16:13:06,164 - DEBUG - Processando página 739/860
2025-03-21 16:13:06,165 - DEBUG - Processando página 740/860
2025-03-21 16:13:06,166 - DEBUG - Processando página 741/860
2025-03-21 16:13:06,168 - DEBUG - Processando página 742/860
2025-03-21 16:13:06,169 - DEBUG - Processando página 743/860
2025-03-21 16:13:06,170 - DEBUG - Processando página 744/860
2025-03-21 16:13:06,171 - DEBUG - Processando página 745/860
2025-03-21 16:13:06,172 - DEBUG - Processando página 746/860
2025-03-21 16:13:06,174 - DEBUG - Processando página 747/860
2025-03-21 16:13:06,175 - DEBUG - Processando página 748/860
2025-03-21 16:13:06,176 - DEBUG - Processando página 749/860
2025-03-21 16:13:06,178 - DEBUG - Processando página 750/860
2025-03-21 16:13:06,180 - DEBUG - Processando página 751/860
2025-03-21 16:13:06,181 - DEBUG - Processando página 752/860
2025-03-21 16:13:06,183 - DEBUG - Processando página 753/860
2025-03-21 16:13:06,185 - DEBUG - Processando página 754/860
2025-03-21 16:13:06,186 - DEBUG - Processando página 755/860
2025-03-21 16:13:06,187 - DEBUG - Processando página 756/860
2025-03-21 16:13:06,190 - DEBUG - Processando página 757/860
2025-03-21 16:13:06,191 - DEBUG - Processando página 758/860
2025-03-21 16:13:06,192 - DEBUG - Processando página 759/860
2025-03-21 16:13:06,193 - INFO - Nota de Empenho detectada na página 759: 6050031
2025-03-21 16:13:06,199 - INFO - Arquivo salvo com sucesso: D:/ne/NE ADM\NE6050030.pdf
2025-03-21 16:13:06,200 - DEBUG - Processando página 760/860
2025-03-21 16:13:06,200 - DEBUG - Página 760 ignorada (Nota de Liquidação detectada)
2025-03-21 16:13:06,202 - DEBUG - Processando página 761/860
2025-03-21 16:13:06,203 - DEBUG - Processando página 762/860
2025-03-21 16:13:06,205 - DEBUG - Processando página 763/860
2025-03-21 16:13:06,206 - DEBUG - Processando página 764/860
2025-03-21 16:13:06,207 - DEBUG - Processando página 765/860
2025-03-21 16:13:06,208 - DEBUG - Processando página 766/860
2025-03-21 16:13:06,209 - DEBUG - Processando página 767/860
2025-03-21 16:13:06,211 - DEBUG - Processando página 768/860
2025-03-21 16:13:06,211 - DEBUG - Processando página 769/860
2025-03-21 16:13:06,214 - DEBUG - Processando página 770/860
2025-03-21 16:13:06,215 - DEBUG - Processando página 771/860
2025-03-21 16:13:06,216 - DEBUG - Processando página 772/860
2025-03-21 16:13:06,218 - DEBUG - Processando página 773/860
2025-03-21 16:13:06,219 - DEBUG - Processando página 774/860
2025-03-21 16:13:06,220 - DEBUG - Processando página 775/860
2025-03-21 16:13:06,221 - DEBUG - Processando página 776/860
2025-03-21 16:13:06,221 - DEBUG - Processando página 777/860
2025-03-21 16:13:06,222 - DEBUG - Processando página 778/860
2025-03-21 16:13:06,224 - DEBUG - Processando página 779/860
2025-03-21 16:13:06,225 - DEBUG - Processando página 780/860
2025-03-21 16:13:06,226 - DEBUG - Processando página 781/860
2025-03-21 16:13:06,227 - DEBUG - Processando página 782/860
2025-03-21 16:13:06,229 - DEBUG - Processando página 783/860
2025-03-21 16:13:06,230 - DEBUG - Processando página 784/860
2025-03-21 16:13:06,232 - DEBUG - Processando página 785/860
2025-03-21 16:13:06,233 - DEBUG - Processando página 786/860
2025-03-21 16:13:06,235 - DEBUG - Processando página 787/860
2025-03-21 16:13:06,237 - DEBUG - Processando página 788/860
2025-03-21 16:13:06,238 - DEBUG - Processando página 789/860
2025-03-21 16:13:06,239 - DEBUG - Processando página 790/860
2025-03-21 16:13:06,241 - DEBUG - Processando página 791/860
2025-03-21 16:13:06,242 - DEBUG - Processando página 792/860
2025-03-21 16:13:06,243 - DEBUG - Processando página 793/860
2025-03-21 16:13:06,244 - INFO - Nota de Empenho detectada na página 793: 6050032
2025-03-21 16:13:06,250 - INFO - Arquivo salvo com sucesso: D:/ne/NE ADM\NE6050031.pdf
2025-03-21 16:13:06,251 - DEBUG - Processando página 794/860
2025-03-21 16:13:06,252 - DEBUG - Página 794 ignorada (Nota de Liquidação detectada)
2025-03-21 16:13:06,253 - DEBUG - Processando página 795/860
2025-03-21 16:13:06,254 - DEBUG - Processando página 796/860
2025-03-21 16:13:06,255 - DEBUG - Processando página 797/860
2025-03-21 16:13:06,257 - DEBUG - Processando página 798/860
2025-03-21 16:13:06,258 - DEBUG - Processando página 799/860
2025-03-21 16:13:06,259 - DEBUG - Processando página 800/860
2025-03-21 16:13:06,260 - DEBUG - Processando página 801/860
2025-03-21 16:13:06,261 - DEBUG - Processando página 802/860
2025-03-21 16:13:06,261 - DEBUG - Processando página 803/860
2025-03-21 16:13:06,262 - DEBUG - Processando página 804/860
2025-03-21 16:13:06,264 - DEBUG - Processando página 805/860
2025-03-21 16:13:06,265 - DEBUG - Processando página 806/860
2025-03-21 16:13:06,266 - DEBUG - Processando página 807/860
2025-03-21 16:13:06,267 - DEBUG - Processando página 808/860
2025-03-21 16:13:06,268 - DEBUG - Processando página 809/860
2025-03-21 16:13:06,269 - DEBUG - Processando página 810/860
2025-03-21 16:13:06,271 - DEBUG - Processando página 811/860
2025-03-21 16:13:06,272 - DEBUG - Processando página 812/860
2025-03-21 16:13:06,273 - DEBUG - Processando página 813/860
2025-03-21 16:13:06,274 - DEBUG - Processando página 814/860
2025-03-21 16:13:06,276 - DEBUG - Processando página 815/860
2025-03-21 16:13:06,277 - DEBUG - Processando página 816/860
2025-03-21 16:13:06,278 - DEBUG - Processando página 817/860
2025-03-21 16:13:06,279 - DEBUG - Processando página 818/860
2025-03-21 16:13:06,281 - DEBUG - Processando página 819/860
2025-03-21 16:13:06,282 - DEBUG - Processando página 820/860
2025-03-21 16:13:06,284 - DEBUG - Processando página 821/860
2025-03-21 16:13:06,285 - DEBUG - Processando página 822/860
2025-03-21 16:13:06,287 - DEBUG - Processando página 823/860
2025-03-21 16:13:06,288 - DEBUG - Processando página 824/860
2025-03-21 16:13:06,290 - DEBUG - Processando página 825/860
2025-03-21 16:13:06,291 - DEBUG - Processando página 826/860
2025-03-21 16:13:06,292 - DEBUG - Processando página 827/860
2025-03-21 16:13:06,293 - INFO - Nota de Empenho detectada na página 827: 6050033
2025-03-21 16:13:06,299 - INFO - Arquivo salvo com sucesso: D:/ne/NE ADM\NE6050032.pdf
2025-03-21 16:13:06,300 - DEBUG - Processando página 828/860
2025-03-21 16:13:06,301 - DEBUG - Página 828 ignorada (Nota de Liquidação detectada)
2025-03-21 16:13:06,302 - DEBUG - Processando página 829/860
2025-03-21 16:13:06,304 - DEBUG - Processando página 830/860
2025-03-21 16:13:06,305 - DEBUG - Processando página 831/860
2025-03-21 16:13:06,306 - DEBUG - Processando página 832/860
2025-03-21 16:13:06,308 - DEBUG - Processando página 833/860
2025-03-21 16:13:06,309 - DEBUG - Processando página 834/860
2025-03-21 16:13:06,309 - DEBUG - Processando página 835/860
2025-03-21 16:13:06,310 - DEBUG - Processando página 836/860
2025-03-21 16:13:06,311 - DEBUG - Processando página 837/860
2025-03-21 16:13:06,313 - DEBUG - Processando página 838/860
2025-03-21 16:13:06,314 - DEBUG - Processando página 839/860
2025-03-21 16:13:06,315 - DEBUG - Processando página 840/860
2025-03-21 16:13:06,316 - DEBUG - Processando página 841/860
2025-03-21 16:13:06,317 - DEBUG - Processando página 842/860
2025-03-21 16:13:06,318 - DEBUG - Processando página 843/860
2025-03-21 16:13:06,319 - DEBUG - Processando página 844/860
2025-03-21 16:13:06,320 - DEBUG - Processando página 845/860
2025-03-21 16:13:06,321 - DEBUG - Processando página 846/860
2025-03-21 16:13:06,323 - DEBUG - Processando página 847/860
2025-03-21 16:13:06,324 - DEBUG - Processando página 848/860
2025-03-21 16:13:06,325 - DEBUG - Processando página 849/860
2025-03-21 16:13:06,326 - DEBUG - Processando página 850/860
2025-03-21 16:13:06,328 - DEBUG - Processando página 851/860
2025-03-21 16:13:06,329 - DEBUG - Processando página 852/860
2025-03-21 16:13:06,330 - DEBUG - Processando página 853/860
2025-03-21 16:13:06,332 - DEBUG - Processando página 854/860
2025-03-21 16:13:06,334 - DEBUG - Processando página 855/860
2025-03-21 16:13:06,335 - DEBUG - Processando página 856/860
2025-03-21 16:13:06,337 - DEBUG - Processando página 857/860
2025-03-21 16:13:06,338 - DEBUG - Processando página 858/860
2025-03-21 16:13:06,340 - DEBUG - Processando página 859/860
2025-03-21 16:13:06,341 - DEBUG - Processando página 860/860
2025-03-21 16:13:06,348 - INFO - Arquivo salvo com sucesso: D:/ne/NE ADM\NE6050033.pdf
